{"C:\\projects\\csc5308-tablecheck\\server.js": {"path":"C:\\projects\\csc5308-tablecheck\\server.js","statementMap":{"0":{"start":{"line":1,"column":0},"end":{"line":1,"column":27}},"1":{"start":{"line":2,"column":16},"end":{"line":2,"column":34}},"2":{"start":{"line":3,"column":13},"end":{"line":3,"column":28}},"3":{"start":{"line":4,"column":20},"end":{"line":4,"column":51}},"4":{"start":{"line":6,"column":12},"end":{"line":6,"column":21}},"5":{"start":{"line":7,"column":13},"end":{"line":7,"column":37}},"6":{"start":{"line":10,"column":0},"end":{"line":10,"column":16}},"7":{"start":{"line":11,"column":0},"end":{"line":11,"column":24}},"8":{"start":{"line":14,"column":0},"end":{"line":14,"column":36}},"9":{"start":{"line":18,"column":0},"end":{"line":22,"column":1}},"10":{"start":{"line":19,"column":2},"end":{"line":21,"column":5}},"11":{"start":{"line":20,"column":4},"end":{"line":20,"column":53}},"12":{"start":{"line":24,"column":0},"end":{"line":24,"column":21}}},"fnMap":{"0":{"name":"(anonymous_0)","decl":{"start":{"line":19,"column":30},"end":{"line":19,"column":31}},"loc":{"start":{"line":19,"column":36},"end":{"line":21,"column":3}},"line":19}},"branchMap":{"0":{"loc":{"start":{"line":7,"column":13},"end":{"line":7,"column":37}},"type":"binary-expr","locations":[{"start":{"line":7,"column":13},"end":{"line":7,"column":29}},{"start":{"line":7,"column":33},"end":{"line":7,"column":37}}],"line":7},"1":{"loc":{"start":{"line":18,"column":0},"end":{"line":22,"column":1}},"type":"if","locations":[{"start":{"line":18,"column":0},"end":{"line":22,"column":1}},{"start":{},"end":{}}],"line":18}},"s":{"0":1,"1":1,"2":1,"3":1,"4":1,"5":1,"6":1,"7":1,"8":1,"9":1,"10":0,"11":0,"12":1},"f":{"0":0},"b":{"0":[1,1],"1":[0,1]},"_coverageSchema":"1a1c01bbd47fc00a2c39e90264f33305004495a9","hash":"cc7f315b1626059c34885dc10f947ffbdab13c17"}
,"C:\\projects\\csc5308-tablecheck\\config\\db.js": {"path":"C:\\projects\\csc5308-tablecheck\\config\\db.js","statementMap":{"0":{"start":{"line":2,"column":17},"end":{"line":2,"column":30}},"1":{"start":{"line":3,"column":0},"end":{"line":3,"column":27}},"2":{"start":{"line":6,"column":13},"end":{"line":11,"column":2}},"3":{"start":{"line":13,"column":0},"end":{"line":13,"column":22}}},"fnMap":{},"branchMap":{},"s":{"0":3,"1":3,"2":3,"3":3},"f":{},"b":{},"_coverageSchema":"1a1c01bbd47fc00a2c39e90264f33305004495a9","hash":"b2c9abd422bf1d09e01f858601256052286d88a2"}
,"C:\\projects\\csc5308-tablecheck\\controllers\\tableController.js": {"path":"C:\\projects\\csc5308-tablecheck\\controllers\\tableController.js","statementMap":{"0":{"start":{"line":1,"column":21},"end":{"line":1,"column":56}},"1":{"start":{"line":3,"column":20},"end":{"line":8,"column":1}},"2":{"start":{"line":4,"column":2},"end":{"line":7,"column":5}},"3":{"start":{"line":10,"column":18},"end":{"line":18,"column":1}},"4":{"start":{"line":11,"column":2},"end":{"line":17,"column":5}},"5":{"start":{"line":20,"column":18},"end":{"line":27,"column":1}},"6":{"start":{"line":21,"column":2},"end":{"line":26,"column":3}},"7":{"start":{"line":22,"column":17},"end":{"line":22,"column":52}},"8":{"start":{"line":23,"column":4},"end":{"line":23,"column":39}},"9":{"start":{"line":25,"column":4},"end":{"line":25,"column":77}},"10":{"start":{"line":29,"column":21},"end":{"line":29,"column":30}},"11":{"start":{"line":31,"column":21},"end":{"line":45,"column":1}},"12":{"start":{"line":32,"column":2},"end":{"line":44,"column":3}},"13":{"start":{"line":33,"column":20},"end":{"line":33,"column":47}},"14":{"start":{"line":34,"column":19},"end":{"line":34,"column":54}},"15":{"start":{"line":35,"column":18},"end":{"line":35,"column":68}},"16":{"start":{"line":35,"column":40},"end":{"line":35,"column":67}},"17":{"start":{"line":37,"column":4},"end":{"line":39,"column":5}},"18":{"start":{"line":38,"column":6},"end":{"line":38,"column":66}},"19":{"start":{"line":41,"column":4},"end":{"line":41,"column":40}},"20":{"start":{"line":43,"column":4},"end":{"line":43,"column":64}},"21":{"start":{"line":47,"column":20},"end":{"line":64,"column":1}},"22":{"start":{"line":48,"column":2},"end":{"line":63,"column":3}},"23":{"start":{"line":49,"column":39},"end":{"line":49,"column":47}},"24":{"start":{"line":51,"column":4},"end":{"line":53,"column":5}},"25":{"start":{"line":52,"column":6},"end":{"line":52,"column":96}},"26":{"start":{"line":55,"column":4},"end":{"line":58,"column":5}},"27":{"start":{"line":56,"column":23},"end":{"line":56,"column":81}},"28":{"start":{"line":57,"column":6},"end":{"line":57,"column":45}},"29":{"start":{"line":60,"column":4},"end":{"line":60,"column":88}},"30":{"start":{"line":62,"column":4},"end":{"line":62,"column":74}},"31":{"start":{"line":66,"column":21},"end":{"line":85,"column":1}},"32":{"start":{"line":67,"column":2},"end":{"line":84,"column":3}},"33":{"start":{"line":68,"column":15},"end":{"line":68,"column":36}},"34":{"start":{"line":69,"column":40},"end":{"line":69,"column":48}},"35":{"start":{"line":70,"column":22},"end":{"line":70,"column":74}},"36":{"start":{"line":72,"column":4},"end":{"line":75,"column":5}},"37":{"start":{"line":73,"column":27},"end":{"line":73,"column":78}},"38":{"start":{"line":74,"column":6},"end":{"line":74,"column":49}},"39":{"start":{"line":77,"column":25},"end":{"line":77,"column":79}},"40":{"start":{"line":78,"column":4},"end":{"line":78,"column":47}},"41":{"start":{"line":80,"column":4},"end":{"line":82,"column":5}},"42":{"start":{"line":81,"column":6},"end":{"line":81,"column":68}},"43":{"start":{"line":83,"column":4},"end":{"line":83,"column":74}},"44":{"start":{"line":87,"column":26},"end":{"line":87,"column":38}},"45":{"start":{"line":89,"column":20},"end":{"line":102,"column":1}},"46":{"start":{"line":90,"column":2},"end":{"line":101,"column":3}},"47":{"start":{"line":91,"column":20},"end":{"line":91,"column":47}},"48":{"start":{"line":93,"column":4},"end":{"line":96,"column":5}},"49":{"start":{"line":94,"column":6},"end":{"line":94,"column":46}},"50":{"start":{"line":95,"column":6},"end":{"line":95,"column":36}},"51":{"start":{"line":98,"column":4},"end":{"line":98,"column":34}},"52":{"start":{"line":100,"column":4},"end":{"line":100,"column":74}},"53":{"start":{"line":104,"column":0},"end":{"line":112,"column":2}}},"fnMap":{"0":{"name":"(anonymous_0)","decl":{"start":{"line":3,"column":20},"end":{"line":3,"column":21}},"loc":{"start":{"line":3,"column":47},"end":{"line":8,"column":1}},"line":3},"1":{"name":"(anonymous_1)","decl":{"start":{"line":10,"column":18},"end":{"line":10,"column":19}},"loc":{"start":{"line":10,"column":54},"end":{"line":18,"column":1}},"line":10},"2":{"name":"(anonymous_2)","decl":{"start":{"line":20,"column":18},"end":{"line":20,"column":19}},"loc":{"start":{"line":20,"column":38},"end":{"line":27,"column":1}},"line":20},"3":{"name":"(anonymous_3)","decl":{"start":{"line":31,"column":21},"end":{"line":31,"column":22}},"loc":{"start":{"line":31,"column":41},"end":{"line":45,"column":1}},"line":31},"4":{"name":"(anonymous_4)","decl":{"start":{"line":35,"column":30},"end":{"line":35,"column":31}},"loc":{"start":{"line":35,"column":40},"end":{"line":35,"column":67}},"line":35},"5":{"name":"(anonymous_5)","decl":{"start":{"line":47,"column":20},"end":{"line":47,"column":21}},"loc":{"start":{"line":47,"column":40},"end":{"line":64,"column":1}},"line":47},"6":{"name":"(anonymous_6)","decl":{"start":{"line":66,"column":21},"end":{"line":66,"column":22}},"loc":{"start":{"line":66,"column":41},"end":{"line":85,"column":1}},"line":66},"7":{"name":"(anonymous_7)","decl":{"start":{"line":89,"column":20},"end":{"line":89,"column":21}},"loc":{"start":{"line":89,"column":40},"end":{"line":102,"column":1}},"line":89}},"branchMap":{"0":{"loc":{"start":{"line":37,"column":4},"end":{"line":39,"column":5}},"type":"if","locations":[{"start":{"line":37,"column":4},"end":{"line":39,"column":5}},{"start":{},"end":{}}],"line":37},"1":{"loc":{"start":{"line":51,"column":4},"end":{"line":53,"column":5}},"type":"if","locations":[{"start":{"line":51,"column":4},"end":{"line":53,"column":5}},{"start":{},"end":{}}],"line":51},"2":{"loc":{"start":{"line":51,"column":8},"end":{"line":51,"column":34}},"type":"binary-expr","locations":[{"start":{"line":51,"column":8},"end":{"line":51,"column":21}},{"start":{"line":51,"column":25},"end":{"line":51,"column":34}}],"line":51},"3":{"loc":{"start":{"line":55,"column":4},"end":{"line":58,"column":5}},"type":"if","locations":[{"start":{"line":55,"column":4},"end":{"line":58,"column":5}},{"start":{},"end":{}}],"line":55},"4":{"loc":{"start":{"line":70,"column":22},"end":{"line":70,"column":74}},"type":"cond-expr","locations":[{"start":{"line":70,"column":50},"end":{"line":70,"column":61}},{"start":{"line":70,"column":64},"end":{"line":70,"column":74}}],"line":70},"5":{"loc":{"start":{"line":72,"column":4},"end":{"line":75,"column":5}},"type":"if","locations":[{"start":{"line":72,"column":4},"end":{"line":75,"column":5}},{"start":{},"end":{}}],"line":72},"6":{"loc":{"start":{"line":80,"column":4},"end":{"line":82,"column":5}},"type":"if","locations":[{"start":{"line":80,"column":4},"end":{"line":82,"column":5}},{"start":{},"end":{}}],"line":80},"7":{"loc":{"start":{"line":80,"column":8},"end":{"line":80,"column":76}},"type":"binary-expr","locations":[{"start":{"line":80,"column":8},"end":{"line":80,"column":13}},{"start":{"line":80,"column":17},"end":{"line":80,"column":30}},{"start":{"line":80,"column":34},"end":{"line":80,"column":76}}],"line":80},"8":{"loc":{"start":{"line":93,"column":4},"end":{"line":96,"column":5}},"type":"if","locations":[{"start":{"line":93,"column":4},"end":{"line":96,"column":5}},{"start":{},"end":{}}],"line":93}},"s":{"0":2,"1":2,"2":3,"3":2,"4":1,"5":2,"6":1,"7":1,"8":1,"9":0,"10":2,"11":2,"12":1,"13":1,"14":1,"15":1,"16":1,"17":1,"18":0,"19":1,"20":0,"21":2,"22":1,"23":1,"24":1,"25":1,"26":0,"27":0,"28":0,"29":0,"30":0,"31":2,"32":1,"33":1,"34":1,"35":1,"36":1,"37":0,"38":0,"39":1,"40":1,"41":0,"42":0,"43":0,"44":2,"45":2,"46":1,"47":1,"48":1,"49":1,"50":1,"51":0,"52":0,"53":2},"f":{"0":3,"1":1,"2":1,"3":1,"4":1,"5":1,"6":1,"7":1},"b":{"0":[0,1],"1":[1,0],"2":[1,0],"3":[0,0],"4":[0,1],"5":[0,1],"6":[0,0],"7":[0,0,0],"8":[1,0]},"_coverageSchema":"1a1c01bbd47fc00a2c39e90264f33305004495a9","hash":"869d03447e6921802839d403e54e32f73811968c"}
,"C:\\projects\\csc5308-tablecheck\\middleware\\auth.js": {"path":"C:\\projects\\csc5308-tablecheck\\middleware\\auth.js","statementMap":{"0":{"start":{"line":2,"column":21},"end":{"line":10,"column":1}},"1":{"start":{"line":3,"column":18},"end":{"line":3,"column":46}},"2":{"start":{"line":4,"column":4},"end":{"line":9,"column":5}},"3":{"start":{"line":6,"column":8},"end":{"line":6,"column":15}},"4":{"start":{"line":8,"column":8},"end":{"line":8,"column":56}},"5":{"start":{"line":12,"column":0},"end":{"line":12,"column":34}}},"fnMap":{"0":{"name":"(anonymous_0)","decl":{"start":{"line":2,"column":21},"end":{"line":2,"column":22}},"loc":{"start":{"line":2,"column":41},"end":{"line":10,"column":1}},"line":2}},"branchMap":{"0":{"loc":{"start":{"line":4,"column":4},"end":{"line":9,"column":5}},"type":"if","locations":[{"start":{"line":4,"column":4},"end":{"line":9,"column":5}},{"start":{"line":7,"column":11},"end":{"line":9,"column":5}}],"line":4}},"s":{"0":1,"1":1,"2":1,"3":0,"4":1,"5":1},"f":{"0":1},"b":{"0":[0,1]},"_coverageSchema":"1a1c01bbd47fc00a2c39e90264f33305004495a9","hash":"868a229f8cbe14efc8ca01d9a7eb928555144824"}
,"C:\\projects\\csc5308-tablecheck\\repositories\\tableRepository.js": {"path":"C:\\projects\\csc5308-tablecheck\\repositories\\tableRepository.js","statementMap":{"0":{"start":{"line":1,"column":13},"end":{"line":1,"column":36}},"1":{"start":{"line":3,"column":21},"end":{"line":6,"column":1}},"2":{"start":{"line":4,"column":17},"end":{"line":4,"column":84}},"3":{"start":{"line":5,"column":2},"end":{"line":5,"column":21}},"4":{"start":{"line":8,"column":26},"end":{"line":12,"column":1}},"5":{"start":{"line":9,"column":22},"end":{"line":9,"column":129}},"6":{"start":{"line":10,"column":17},"end":{"line":10,"column":64}},"7":{"start":{"line":11,"column":2},"end":{"line":11,"column":24}},"8":{"start":{"line":14,"column":0},"end":{"line":14,"column":53}}},"fnMap":{"0":{"name":"(anonymous_0)","decl":{"start":{"line":3,"column":21},"end":{"line":3,"column":22}},"loc":{"start":{"line":3,"column":33},"end":{"line":6,"column":1}},"line":3},"1":{"name":"(anonymous_1)","decl":{"start":{"line":8,"column":26},"end":{"line":8,"column":27}},"loc":{"start":{"line":8,"column":52},"end":{"line":12,"column":1}},"line":8}},"branchMap":{},"s":{"0":4,"1":4,"2":1,"3":1,"4":4,"5":1,"6":1,"7":1,"8":4},"f":{"0":1,"1":1},"b":{},"_coverageSchema":"1a1c01bbd47fc00a2c39e90264f33305004495a9","hash":"09cf57cf423d4d471045ef95219f7de548ef7991"}
,"C:\\projects\\csc5308-tablecheck\\routes\\tableRoutes.js": {"path":"C:\\projects\\csc5308-tablecheck\\routes\\tableRoutes.js","statementMap":{"0":{"start":{"line":1,"column":16},"end":{"line":1,"column":34}},"1":{"start":{"line":2,"column":15},"end":{"line":2,"column":31}},"2":{"start":{"line":3,"column":24},"end":{"line":3,"column":65}},"3":{"start":{"line":4,"column":25},"end":{"line":4,"column":54}},"4":{"start":{"line":6,"column":0},"end":{"line":6,"column":60}},"5":{"start":{"line":7,"column":0},"end":{"line":7,"column":63}},"6":{"start":{"line":8,"column":0},"end":{"line":8,"column":60}},"7":{"start":{"line":9,"column":0},"end":{"line":9,"column":70}},"8":{"start":{"line":10,"column":0},"end":{"line":10,"column":65}},"9":{"start":{"line":12,"column":0},"end":{"line":12,"column":24}}},"fnMap":{},"branchMap":{},"s":{"0":1,"1":1,"2":1,"3":1,"4":1,"5":1,"6":1,"7":1,"8":1,"9":1},"f":{},"b":{},"_coverageSchema":"1a1c01bbd47fc00a2c39e90264f33305004495a9","hash":"84992ace497382ef48befca05d2f38f7a53ebecd"}
,"C:\\projects\\csc5308-tablecheck\\services\\tableService.js": {"path":"C:\\projects\\csc5308-tablecheck\\services\\tableService.js","statementMap":{"0":{"start":{"line":1,"column":24},"end":{"line":1,"column":66}},"1":{"start":{"line":3,"column":23},"end":{"line":5,"column":1}},"2":{"start":{"line":4,"column":4},"end":{"line":4,"column":48}},"3":{"start":{"line":7,"column":21},"end":{"line":9,"column":1}},"4":{"start":{"line":8,"column":4},"end":{"line":8,"column":50}},"5":{"start":{"line":11,"column":20},"end":{"line":13,"column":1}},"6":{"start":{"line":12,"column":4},"end":{"line":12,"column":56}},"7":{"start":{"line":15,"column":26},"end":{"line":17,"column":1}},"8":{"start":{"line":16,"column":4},"end":{"line":16,"column":63}},"9":{"start":{"line":19,"column":29},"end":{"line":25,"column":1}},"10":{"start":{"line":21,"column":4},"end":{"line":23,"column":5}},"11":{"start":{"line":22,"column":8},"end":{"line":22,"column":80}},"12":{"start":{"line":24,"column":4},"end":{"line":24,"column":67}},"13":{"start":{"line":27,"column":20},"end":{"line":29,"column":1}},"14":{"start":{"line":28,"column":4},"end":{"line":28,"column":49}},"15":{"start":{"line":31,"column":0},"end":{"line":38,"column":2}}},"fnMap":{"0":{"name":"(anonymous_0)","decl":{"start":{"line":3,"column":23},"end":{"line":3,"column":24}},"loc":{"start":{"line":3,"column":35},"end":{"line":5,"column":1}},"line":3},"1":{"name":"(anonymous_1)","decl":{"start":{"line":7,"column":21},"end":{"line":7,"column":22}},"loc":{"start":{"line":7,"column":35},"end":{"line":9,"column":1}},"line":7},"2":{"name":"(anonymous_2)","decl":{"start":{"line":11,"column":20},"end":{"line":11,"column":21}},"loc":{"start":{"line":11,"column":41},"end":{"line":13,"column":1}},"line":11},"3":{"name":"(anonymous_3)","decl":{"start":{"line":15,"column":26},"end":{"line":15,"column":27}},"loc":{"start":{"line":15,"column":48},"end":{"line":17,"column":1}},"line":15},"4":{"name":"(anonymous_4)","decl":{"start":{"line":19,"column":29},"end":{"line":19,"column":30}},"loc":{"start":{"line":19,"column":55},"end":{"line":25,"column":1}},"line":19},"5":{"name":"(anonymous_5)","decl":{"start":{"line":27,"column":20},"end":{"line":27,"column":21}},"loc":{"start":{"line":27,"column":34},"end":{"line":29,"column":1}},"line":27}},"branchMap":{"0":{"loc":{"start":{"line":21,"column":4},"end":{"line":23,"column":5}},"type":"if","locations":[{"start":{"line":21,"column":4},"end":{"line":23,"column":5}},{"start":{},"end":{}}],"line":21},"1":{"loc":{"start":{"line":21,"column":8},"end":{"line":21,"column":103}},"type":"binary-expr","locations":[{"start":{"line":21,"column":8},"end":{"line":21,"column":30}},{"start":{"line":21,"column":34},"end":{"line":21,"column":43}},{"start":{"line":21,"column":47},"end":{"line":21,"column":68}},{"start":{"line":21,"column":72},"end":{"line":21,"column":103}}],"line":21}},"s":{"0":3,"1":3,"2":1,"3":3,"4":0,"5":3,"6":0,"7":3,"8":1,"9":3,"10":10,"11":7,"12":3,"13":3,"14":0,"15":3},"f":{"0":1,"1":0,"2":0,"3":1,"4":10,"5":0},"b":{"0":[7,3],"1":[10,6,6,5]},"_coverageSchema":"1a1c01bbd47fc00a2c39e90264f33305004495a9","hash":"cc5f39a2d24a36b3115ac9c33cd98e199c69e973"}
}
