TN:
SF:config\db.js
FNF:0
FNH:0
DA:2,1
DA:3,1
DA:6,1
DA:13,1
LF:4
LH:4
BRF:0
BRH:0
end_of_record
TN:
SF:repositories\tableRepository.js
FN:3,(anonymous_0)
FN:8,(anonymous_1)
FNF:2
FNH:0
FNDA:0,(anonymous_0)
FNDA:0,(anonymous_1)
DA:1,1
DA:3,1
DA:4,0
DA:5,0
DA:8,1
DA:9,0
DA:15,0
DA:16,0
DA:19,1
LF:9
LH:4
BRF:0
BRH:0
end_of_record
TN:
SF:services\tableService.js
FN:3,(anonymous_0)
FN:7,(anonymous_1)
FNF:2
FNH:2
FNDA:3,(anonymous_0)
FNDA:7,(anonymous_1)
DA:1,1
DA:3,1
DA:4,3
DA:7,1
DA:9,7
DA:10,4
DA:12,3
DA:15,1
LF:8
LH:8
BRDA:9,0,0,4
BRDA:9,0,1,3
BRDA:9,1,0,7
BRDA:9,1,1,6
BRDA:9,1,2,5
BRF:5
BRH:5
end_of_record
