TN:
SF:server.js
FN:19,(anonymous_0)
FNF:1
FNH:0
FNDA:0,(anonymous_0)
DA:1,1
DA:2,1
DA:3,1
DA:4,1
DA:6,1
DA:7,1
DA:10,1
DA:11,1
DA:14,1
DA:18,1
DA:19,0
DA:20,0
DA:24,1
LF:13
LH:11
BRDA:7,0,0,1
BRDA:7,0,1,1
BRDA:18,1,0,0
BRDA:18,1,1,1
BRF:4
BRH:3
end_of_record
TN:
SF:config\db.js
FNF:0
FNH:0
DA:2,3
DA:3,3
DA:6,3
DA:13,3
LF:4
LH:4
BRF:0
BRH:0
end_of_record
TN:
SF:controllers\tableController.js
FN:3,(anonymous_0)
FN:10,(anonymous_1)
FN:20,(anonymous_2)
FN:31,(anonymous_3)
FN:35,(anonymous_4)
FN:47,(anonymous_5)
FN:66,(anonymous_6)
FN:89,(anonymous_7)
FNF:8
FNH:8
FNDA:3,(anonymous_0)
FNDA:1,(anonymous_1)
FNDA:1,(anonymous_2)
FNDA:1,(anonymous_3)
FNDA:1,(anonymous_4)
FNDA:1,(anonymous_5)
FNDA:1,(anonymous_6)
FNDA:1,(anonymous_7)
DA:1,2
DA:3,2
DA:4,3
DA:10,2
DA:11,1
DA:20,2
DA:21,1
DA:22,1
DA:23,1
DA:25,0
DA:29,2
DA:31,2
DA:32,1
DA:33,1
DA:34,1
DA:35,1
DA:37,1
DA:38,0
DA:41,1
DA:43,0
DA:47,2
DA:48,1
DA:49,1
DA:51,1
DA:52,1
DA:55,0
DA:56,0
DA:57,0
DA:60,0
DA:62,0
DA:66,2
DA:67,1
DA:68,1
DA:69,1
DA:70,1
DA:72,1
DA:73,0
DA:74,0
DA:77,1
DA:78,1
DA:80,0
DA:81,0
DA:83,0
DA:87,2
DA:89,2
DA:90,1
DA:91,1
DA:93,1
DA:94,1
DA:95,1
DA:98,0
DA:100,0
DA:104,2
LF:53
LH:38
BRDA:37,0,0,0
BRDA:37,0,1,1
BRDA:51,1,0,1
BRDA:51,1,1,0
BRDA:51,2,0,1
BRDA:51,2,1,0
BRDA:55,3,0,0
BRDA:55,3,1,0
BRDA:70,4,0,0
BRDA:70,4,1,1
BRDA:72,5,0,0
BRDA:72,5,1,1
BRDA:80,6,0,0
BRDA:80,6,1,0
BRDA:80,7,0,0
BRDA:80,7,1,0
BRDA:80,7,2,0
BRDA:93,8,0,1
BRDA:93,8,1,0
BRF:19
BRH:6
end_of_record
TN:
SF:middleware\auth.js
FN:2,(anonymous_0)
FNF:1
FNH:1
FNDA:1,(anonymous_0)
DA:2,1
DA:3,1
DA:4,1
DA:6,0
DA:8,1
DA:12,1
LF:6
LH:5
BRDA:4,0,0,0
BRDA:4,0,1,1
BRF:2
BRH:1
end_of_record
TN:
SF:repositories\tableRepository.js
FN:3,(anonymous_0)
FN:8,(anonymous_1)
FNF:2
FNH:2
FNDA:1,(anonymous_0)
FNDA:1,(anonymous_1)
DA:1,4
DA:3,4
DA:4,1
DA:5,1
DA:8,4
DA:9,1
DA:10,1
DA:11,1
DA:14,4
LF:9
LH:9
BRF:0
BRH:0
end_of_record
TN:
SF:routes\tableRoutes.js
FNF:0
FNH:0
DA:1,1
DA:2,1
DA:3,1
DA:4,1
DA:6,1
DA:7,1
DA:8,1
DA:9,1
DA:10,1
DA:12,1
LF:10
LH:10
BRF:0
BRH:0
end_of_record
TN:
SF:services\tableService.js
FN:3,(anonymous_0)
FN:7,(anonymous_1)
FN:11,(anonymous_2)
FN:15,(anonymous_3)
FN:19,(anonymous_4)
FN:27,(anonymous_5)
FNF:6
FNH:3
FNDA:1,(anonymous_0)
FNDA:0,(anonymous_1)
FNDA:0,(anonymous_2)
FNDA:1,(anonymous_3)
FNDA:10,(anonymous_4)
FNDA:0,(anonymous_5)
DA:1,3
DA:3,3
DA:4,1
DA:7,3
DA:8,0
DA:11,3
DA:12,0
DA:15,3
DA:16,1
DA:19,3
DA:21,10
DA:22,7
DA:24,3
DA:27,3
DA:28,0
DA:31,3
LF:16
LH:13
BRDA:21,0,0,7
BRDA:21,0,1,3
BRDA:21,1,0,10
BRDA:21,1,1,6
BRDA:21,1,2,6
BRDA:21,1,3,5
BRF:6
BRH:6
end_of_record
